#
# There is insufficient memory for the Java Runtime Environment to continue.
# Native memory allocation (mmap) failed to map 201326592 bytes for Failed to commit area from 0x0000000741c00000 to 0x000000074dc00000 of length 201326592.
# Possible reasons:
#   The system is out of physical RAM or swap space
#   The process is running with CompressedOops enabled, and the Java Heap may be blocking the growth of the native heap
# Possible solutions:
#   Reduce memory load on the system
#   Increase physical memory or swap space
#   Check if swap backing store is full
#   Decrease Java heap size (-Xmx/-Xms)
#   Decrease number of Java threads
#   Decrease Java thread stack sizes (-Xss)
#   Set larger code cache with -XX:ReservedCodeCacheSize=
#   JVM is running with Zero Based Compressed Oops mode in which the Java heap is
#     placed in the first 32GB address space. The Java Heap base address is the
#     maximum limit for the native heap growth. Please use -XX:HeapBaseMinAddress
#     to set the Java Heap base and to place the Java Heap above 32GB virtual address.
# This output file may be truncated or incomplete.
#
#  Out of Memory Error (./open/src/hotspot/os/windows/os_windows.cpp:3315), pid=16960, tid=30776
#
# JRE version:  (14.0.2+12) (build )
# Java VM: Java HotSpot(TM) 64-Bit Server VM (14.0.2+12-46, mixed mode, sharing, tiered, compressed oops, g1 gc, windows-amd64)
# No core dump will be written. Minidumps are not enabled by default on client versions of Windows
#

---------------  S U M M A R Y ------------

Command Line: -Dfile.encoding=Cp1252 view.Main

Host: Intel(R) Core(TM) i5-7200U CPU @ 2.50GHz, 4 cores, 11G,  Windows 10 , 64 bit Build 19041 (10.0.19041.292)
Time: Tue Sep 15 22:44:38 2020 Haiti Daylight Time elapsed time: 0 seconds (0d 0h 0m 0s)

---------------  T H R E A D  ---------------

Current thread (0x0000027844524800):  JavaThread "Unknown thread" [_thread_in_vm, id=30776, stack(0x000000a0d0900000,0x000000a0d0a00000)]

Stack: [0x000000a0d0900000,0x000000a0d0a00000]
Native frames: (J=compiled Java code, j=interpreted, Vv=VM code, C=native code)
V  [jvm.dll+0x5f8a9a]
V  [jvm.dll+0x74247a]
V  [jvm.dll+0x743c2f]
V  [jvm.dll+0x744273]
V  [jvm.dll+0x20d288]
V  [jvm.dll+0x5f5dea]
V  [jvm.dll+0x5eac45]
V  [jvm.dll+0x2c7e9c]
V  [jvm.dll+0x2c7cd2]
V  [jvm.dll+0x2cdbbc]
V  [jvm.dll+0x313fe8]
V  [jvm.dll+0x313710]
V  [jvm.dll+0x2a092a]
V  [jvm.dll+0x2a1a79]
V  [jvm.dll+0x71fd48]
V  [jvm.dll+0x321c14]
V  [jvm.dll+0x70112c]
V  [jvm.dll+0x392def]
V  [jvm.dll+0x394e61]
C  [jli.dll+0x524b]
C  [ucrtbase.dll+0x214c2]
C  [KERNEL32.DLL+0x16fd4]
C  [ntdll.dll+0x4cec1]


---------------  P R O C E S S  ---------------

Threads class SMR info:
_java_thread_list=0x00007ffe527a3038, length=0, elements={
}

Java Threads: ( => current thread )

Other Threads:
  0x000002784457a800 GCTaskThread "GC Thread#0" [stack: 0x000000a0d0a00000,0x000000a0d0b00000] [id=6568]
  0x0000027844594000 ConcurrentGCThread "G1 Main Marker" [stack: 0x000000a0d0b00000,0x000000a0d0c00000] [id=20972]
  0x0000027844595800 ConcurrentGCThread "G1 Conc#0" [stack: 0x000000a0d0c00000,0x000000a0d0d00000] [id=20608]

[error occurred during error reporting (printing all threads), id 0xc0000005, EXCEPTION_ACCESS_VIOLATION (0xc0000005) at pc=0x00007ffe51fd1257]

VM state:not at safepoint (not fully initialized)

VM Mutex/Monitor currently owned by a thread:  ([mutex/lock_event])
[0x00000278424eb3d0] Heap_lock - owner thread: 0x0000027844524800

Heap address: 0x0000000741c00000, size: 3044 MB, Compressed Oops mode: Zero based, Oop shift amount: 3
Narrow klass base: 0x0000000000000000, Narrow klass shift: 0

GC Heap History (0 events):
No events

Deoptimization events (0 events):
No events

Classes unloaded (0 events):
No events

Classes redefined (0 events):
No events

Internal exceptions (0 events):
No events

Events (2 events):
Event: 0.013 Loaded shared library C:\Program Files\Java\jdk-14.0.2\bin\java.dll
Event: 0.014 Loaded shared library C:\Program Files\Java\jdk-14.0.2\bin\zip.dll


Dynamic libraries:
0x00007ff620eb0000 - 0x00007ff620ebf000 	C:\Program Files\Java\jdk-14.0.2\bin\javaw.exe
0x00007ffe886f0000 - 0x00007ffe888e5000 	C:\WINDOWS\SYSTEM32\ntdll.dll
0x00007ffe86bc0000 - 0x00007ffe86c7d000 	C:\WINDOWS\System32\KERNEL32.DLL
0x00007ffe860c0000 - 0x00007ffe86387000 	C:\WINDOWS\System32\KERNELBASE.dll
0x00007ffe86440000 - 0x00007ffe86540000 	C:\WINDOWS\System32\ucrtbase.dll
0x00007ffe5c750000 - 0x00007ffe5c768000 	C:\Program Files\Java\jdk-14.0.2\bin\jli.dll
0x00007ffe87f60000 - 0x00007ffe8800a000 	C:\WINDOWS\System32\ADVAPI32.dll
0x00007ffe87410000 - 0x00007ffe874ae000 	C:\WINDOWS\System32\msvcrt.dll
0x00007ffe88610000 - 0x00007ffe886ab000 	C:\WINDOWS\System32\sechost.dll
0x00007ffe868f0000 - 0x00007ffe86a14000 	C:\WINDOWS\System32\RPCRT4.dll
0x00007ffe86a20000 - 0x00007ffe86bc0000 	C:\WINDOWS\System32\USER32.dll
0x00007ffe86410000 - 0x00007ffe86432000 	C:\WINDOWS\System32\win32u.dll
0x00007ffe86c90000 - 0x00007ffe86cba000 	C:\WINDOWS\System32\GDI32.dll
0x00007ffe86540000 - 0x00007ffe86649000 	C:\WINDOWS\System32\gdi32full.dll
0x00007ffe866b0000 - 0x00007ffe8674d000 	C:\WINDOWS\System32\msvcp_win.dll
0x00007ffe7b080000 - 0x00007ffe7b31b000 	C:\WINDOWS\WinSxS\amd64_microsoft.windows.common-controls_6595b64144ccf1df_6.0.19041.488_none_ca04af081b815d21\COMCTL32.dll
0x00007ffe7fb80000 - 0x00007ffe7fb8a000 	C:\WINDOWS\SYSTEM32\VERSION.dll
0x00007ffe5c730000 - 0x00007ffe5c745000 	C:\Program Files\Java\jdk-14.0.2\bin\VCRUNTIME140.dll
0x00007ffe885e0000 - 0x00007ffe88610000 	C:\WINDOWS\System32\IMM32.DLL
0x00007ffe59e20000 - 0x00007ffe59ebb000 	C:\Program Files\Java\jdk-14.0.2\bin\msvcp140.dll
0x00007ffe51d20000 - 0x00007ffe5283e000 	C:\Program Files\Java\jdk-14.0.2\bin\server\jvm.dll
0x00007ffe885d0000 - 0x00007ffe885d8000 	C:\WINDOWS\System32\PSAPI.DLL
0x00007ffe5ed70000 - 0x00007ffe5ed79000 	C:\WINDOWS\SYSTEM32\WSOCK32.dll
0x00007ffe88560000 - 0x00007ffe885cb000 	C:\WINDOWS\System32\WS2_32.dll
0x00007ffe7a5a0000 - 0x00007ffe7a5c7000 	C:\WINDOWS\SYSTEM32\WINMM.dll
0x00007ffe83d90000 - 0x00007ffe83da3000 	C:\WINDOWS\SYSTEM32\kernel.appcore.dll
0x00007ffe5e9a0000 - 0x00007ffe5e9aa000 	C:\Program Files\Java\jdk-14.0.2\bin\jimage.dll
0x00007ffe6b330000 - 0x00007ffe6b514000 	C:\WINDOWS\SYSTEM32\DBGHELP.DLL
0x00007ffe6f2d0000 - 0x00007ffe6f2fc000 	C:\WINDOWS\SYSTEM32\dbgcore.DLL
0x00007ffe85e30000 - 0x00007ffe85eaf000 	C:\WINDOWS\System32\bcryptPrimitives.dll
0x00007ffe52c30000 - 0x00007ffe52c55000 	C:\Program Files\Java\jdk-14.0.2\bin\java.dll
0x00007ffe52c10000 - 0x00007ffe52c26000 	C:\Program Files\Java\jdk-14.0.2\bin\zip.dll

dbghelp: loaded successfully - version: 4.0.5 - missing functions: none
symbol engine: initialized successfully - sym options: 0x614 - pdb path: .;C:\Program Files\Java\jdk-14.0.2\bin;C:\WINDOWS\SYSTEM32;C:\WINDOWS\WinSxS\amd64_microsoft.windows.common-controls_6595b64144ccf1df_6.0.19041.488_none_ca04af081b815d21;C:\Program Files\Java\jdk-14.0.2\bin\server

VM Arguments:
jvm_args: -Dfile.encoding=Cp1252 
java_command: view.Main
java_class_path (initial): E:\Java\Java Projects\Finder\bin
Launcher Type: SUN_STANDARD

[Global flags]
     intx CICompilerCount                          = 3                                         {product} {ergonomic}
     uint ConcGCThreads                            = 1                                         {product} {ergonomic}
     uint G1ConcRefinementThreads                  = 4                                         {product} {ergonomic}
   size_t G1HeapRegionSize                         = 1048576                                   {product} {ergonomic}
    uintx GCDrainStackTargetSize                   = 64                                        {product} {ergonomic}
   size_t InitialHeapSize                          = 201326592                                 {product} {ergonomic}
   size_t MarkStackSize                            = 4194304                                   {product} {ergonomic}
   size_t MaxHeapSize                              = 3191865344                                {product} {ergonomic}
   size_t MinHeapDeltaBytes                        = 1048576                                   {product} {ergonomic}
   size_t MinHeapSize                              = 8388608                                   {product} {ergonomic}
    uintx NonNMethodCodeHeapSize                   = 5832780                                {pd product} {ergonomic}
    uintx NonProfiledCodeHeapSize                  = 122912730                              {pd product} {ergonomic}
    uintx ProfiledCodeHeapSize                     = 122912730                              {pd product} {ergonomic}
    uintx ReservedCodeCacheSize                    = 251658240                              {pd product} {ergonomic}
     bool SegmentedCodeCache                       = true                                      {product} {ergonomic}
   size_t SoftMaxHeapSize                          = 3191865344                             {manageable} {ergonomic}
     bool UseCompressedClassPointers               = true                                 {lp64_product} {ergonomic}
     bool UseCompressedOops                        = true                                 {lp64_product} {ergonomic}
     bool UseG1GC                                  = true                                      {product} {ergonomic}
     bool UseLargePagesIndividualAllocation        = false                                  {pd product} {ergonomic}

Logging:
Log output configuration:
 #0: stdout all=warning uptime,level,tags
 #1: stderr all=off uptime,level,tags

Environment Variables:
PATH=C:/Program Files/Java/jdk-14.0.2/bin/server;C:/Program Files/Java/jdk-14.0.2/bin;C:\WINDOWS\system32;C:\WINDOWS;C:\WINDOWS\System32\Wbem;C:\WINDOWS\System32\WindowsPowerShell\v1.0\;C:\WINDOWS\System32\OpenSSH\;C:\Program Files\Microsoft VS Code\bin;C:\Program Files\dotnet\;C:\Program Files (x86)\NVIDIA Corporation\PhysX\Common;C:\Program Files\Java\jdk-14.0.2\bin;C:\Program Files\Microsoft SQL Server\Client SDK\ODBC\130\Tools\Binn\;C:\Program Files (x86)\Microsoft SQL Server\140\Tools\Binn\;C:\Program Files\Microsoft SQL Server\140\Tools\Binn\;C:\Program Files\Microsoft SQL Server\140\DTS\Binn\;C:\Program Files (x86)\Microsoft SQL Server\150\DTS\Binn\;%SystemRoot%\system32;%SystemRoot%;%SystemRoot%\System32\Wbem;%SYSTEMROOT%\System32\WindowsPowerShell\v1.0\;%SYSTEMROOT%\System32\OpenSSH\;C:\Users\elian\AppData\Local\Microsoft\WindowsApps;C:\Users\elian\.dotnet\tools;;C:\Users\elian\Desktop\eclipse;
USERNAME=elian
OS=Windows_NT
PROCESSOR_IDENTIFIER=Intel64 Family 6 Model 142 Stepping 9, GenuineIntel



---------------  S Y S T E M  ---------------

OS: Windows 10 , 64 bit Build 19041 (10.0.19041.292)
OS uptime: 0 days 7:47 hours

CPU:total 4 (initial active 4) (2 cores per cpu, 2 threads per core) family 6 model 142 stepping 9, cmov, cx8, fxsr, mmx, sse, sse2, sse3, ssse3, sse4.1, sse4.2, popcnt, avx, avx2, aes, clmul, erms, 3dnowpref, lzcnt, ht, tsc, tscinvbit, bmi1, bmi2, adx, fma

Memory: 4k page, system-wide physical 12173M (1679M free)
TotalPageFile size 48850M (AvailPageFile size 37M)
current process WorkingSet (physical memory assigned to process): 10M, peak: 10M
current process commit charge ("private bytes"): 52M, peak: 244M

vm_info: Java HotSpot(TM) 64-Bit Server VM (14.0.2+12-46) for windows-amd64 JRE (14.0.2+12-46), built on Jul  9 2020 00:35:52 by "mach5one" with MS VC++ 15.9 (VS2017)

END.
