#
# There is insufficient memory for the Java Runtime Environment to continue.
# Native memory allocation (malloc) failed to allocate 136944 bytes for Chunk::new
# Possible reasons:
#   The system is out of physical RAM or swap space
#   The process is running with CompressedOops enabled, and the Java Heap may be blocking the growth of the native heap
# Possible solutions:
#   Reduce memory load on the system
#   Increase physical memory or swap space
#   Check if swap backing store is full
#   Decrease Java heap size (-Xmx/-Xms)
#   Decrease number of Java threads
#   Decrease Java thread stack sizes (-Xss)
#   Set larger code cache with -XX:ReservedCodeCacheSize=
#   JVM is running with Zero Based Compressed Oops mode in which the Java heap is
#     placed in the first 32GB address space. The Java Heap base address is the
#     maximum limit for the native heap growth. Please use -XX:HeapBaseMinAddress
#     to set the Java Heap base and to place the Java Heap above 32GB virtual address.
# This output file may be truncated or incomplete.
#
#  Out of Memory Error (./open/src/hotspot/share/memory/arena.cpp:195), pid=29124, tid=27664
#
# JRE version: Java(TM) SE Runtime Environment (14.0.2+12) (build 14.0.2+12-46)
# Java VM: Java HotSpot(TM) 64-Bit Server VM (14.0.2+12-46, mixed mode, sharing, tiered, compressed oops, g1 gc, windows-amd64)
# No core dump will be written. Minidumps are not enabled by default on client versions of Windows
#

---------------  S U M M A R Y ------------

Command Line: -Dfile.encoding=Cp1252 view.Main

Host: Intel(R) Core(TM) i5-7200U CPU @ 2.50GHz, 4 cores, 11G,  Windows 10 , 64 bit Build 19041 (10.0.19041.292)
Time: Tue Sep 15 22:32:50 2020 Haiti Daylight Time elapsed time: 0 seconds (0d 0h 0m 0s)

---------------  T H R E A D  ---------------

Current thread (0x000002efaa6de000):  JavaThread "C2 CompilerThread0" daemon [_thread_in_native, id=27664, stack(0x000000f8a7100000,0x000000f8a7200000)]


Current CompileTask:
C2:    562  136       4       java.lang.String::substring (58 bytes)

Stack: [0x000000f8a7100000,0x000000f8a7200000]
Native frames: (J=compiled Java code, j=interpreted, Vv=VM code, C=native code)
V  [jvm.dll+0x5f8a9a]
V  [jvm.dll+0x74247a]
V  [jvm.dll+0x743c2f]
V  [jvm.dll+0x744273]
V  [jvm.dll+0x20d288]
V  [jvm.dll+0xabb07]
V  [jvm.dll+0xac1fc]
V  [jvm.dll+0x31c495]
V  [jvm.dll+0x2e6b38]
V  [jvm.dll+0x2e5f3a]
V  [jvm.dll+0x1e5e16]
V  [jvm.dll+0x1e50b8]
V  [jvm.dll+0x1779cc]
V  [jvm.dll+0x1f4105]
V  [jvm.dll+0x1f22eb]
V  [jvm.dll+0x7070cd]
V  [jvm.dll+0x6ffeda]
V  [jvm.dll+0x5f78f6]
C  [ucrtbase.dll+0x214c2]
C  [KERNEL32.DLL+0x16fd4]
C  [ntdll.dll+0x4cec1]


---------------  P R O C E S S  ---------------

Threads class SMR info:
_java_thread_list=0x000002efaa82c730, length=12, elements={
0x000002ef87014800, 0x000002efa9db5000, 0x000002efa9db8000, 0x000002efaa6d2800,
0x000002efaa6d5000, 0x000002efaa6d9000, 0x000002efaa6de000, 0x000002efaa748800,
0x000002efaa75c000, 0x000002efaa81b000, 0x000002efaa824800, 0x000002efaaa06800
}

Java Threads: ( => current thread )
  0x000002ef87014800 JavaThread "main" [_thread_blocked, id=28492, stack(0x000000f8a6500000,0x000000f8a6600000)]
  0x000002efa9db5000 JavaThread "Reference Handler" daemon [_thread_blocked, id=15880, stack(0x000000f8a6c00000,0x000000f8a6d00000)]
  0x000002efa9db8000 JavaThread "Finalizer" daemon [_thread_blocked, id=27860, stack(0x000000f8a6d00000,0x000000f8a6e00000)]
  0x000002efaa6d2800 JavaThread "Signal Dispatcher" daemon [_thread_blocked, id=26492, stack(0x000000f8a6e00000,0x000000f8a6f00000)]
  0x000002efaa6d5000 JavaThread "Attach Listener" daemon [_thread_blocked, id=28692, stack(0x000000f8a6f00000,0x000000f8a7000000)]
  0x000002efaa6d9000 JavaThread "Service Thread" daemon [_thread_blocked, id=22552, stack(0x000000f8a7000000,0x000000f8a7100000)]
=>0x000002efaa6de000 JavaThread "C2 CompilerThread0" daemon [_thread_in_native, id=27664, stack(0x000000f8a7100000,0x000000f8a7200000)]
  0x000002efaa748800 JavaThread "C1 CompilerThread0" daemon [_thread_blocked, id=4536, stack(0x000000f8a7200000,0x000000f8a7300000)]
  0x000002efaa75c000 JavaThread "Sweeper thread" daemon [_thread_blocked, id=28092, stack(0x000000f8a7300000,0x000000f8a7400000)]
  0x000002efaa81b000 JavaThread "Notification Thread" daemon [_thread_blocked, id=24872, stack(0x000000f8a7400000,0x000000f8a7500000)]
  0x000002efaa824800 JavaThread "Common-Cleaner" daemon [_thread_blocked, id=27848, stack(0x000000f8a7600000,0x000000f8a7700000)]
  0x000002efaaa06800 JavaThread "C2 CompilerThread1" daemon [_thread_in_native, id=28688, stack(0x000000f8a7700000,0x000000f8a7800000)]

Other Threads:
  0x000002efa9daf800 VMThread "VM Thread" [stack: 0x000000f8a6b00000,0x000000f8a6c00000] [id=16676]
  0x000002efaa820000 WatcherThread [stack: 0x000000f8a7500000,0x000000f8a7600000] [id=12960]
  0x000002ef8706a800 GCTaskThread "GC Thread#0" [stack: 0x000000f8a6600000,0x000000f8a6700000] [id=29180]
  0x000002efaaac7800 GCTaskThread "GC Thread#1" [stack: 0x000000f8a7800000,0x000000f8a7900000] [id=14520]
  0x000002efaa827800 GCTaskThread "GC Thread#2" [stack: 0x000000f8a7900000,0x000000f8a7a00000] [id=30492]
  0x000002efaaa96800 GCTaskThread "GC Thread#3" [stack: 0x000000f8a7a00000,0x000000f8a7b00000] [id=19800]
  0x000002ef87084800 ConcurrentGCThread "G1 Main Marker" [stack: 0x000000f8a6700000,0x000000f8a6800000] [id=11760]
  0x000002ef87085800 ConcurrentGCThread "G1 Conc#0" [stack: 0x000000f8a6800000,0x000000f8a6900000] [id=29816]
  0x000002efa9c1f800 ConcurrentGCThread "G1 Refine#0" [stack: 0x000000f8a6900000,0x000000f8a6a00000] [id=23752]
  0x000002efa9c23800 ConcurrentGCThread "G1 Young RemSet Sampling" [stack: 0x000000f8a6a00000,0x000000f8a6b00000] [id=11036]

Threads with active compile tasks:
C2 CompilerThread0      792  136       4       java.lang.String::substring (58 bytes)
C2 CompilerThread1      792  140 % !   4       java.io.BufferedReader::readLine @ 131 (304 bytes)

VM state:at safepoint (normal execution)

VM Mutex/Monitor currently owned by a thread:  ([mutex/lock_event])
[0x000002ef86ffb820] Threads_lock - owner thread: 0x000002efa9daf800
[0x000002ef86ffb160] Heap_lock - owner thread: 0x000002ef87014800

Heap address: 0x0000000741c00000, size: 3044 MB, Compressed Oops mode: Zero based, Oop shift amount: 3
Narrow klass base: 0x0000000800000000, Narrow klass shift: 3
Compressed class space size: 1073741824 Address: 0x0000000800b30000

Heap:
 garbage-first heap   total 196608K, used 13312K [0x0000000741c00000, 0x0000000800000000)
  region size 1024K, 15 young (15360K), 2 survivors (2048K)
 Metaspace       used 415K, capacity 4490K, committed 4864K, reserved 1056768K
  class space    used 19K, capacity 386K, committed 512K, reserved 1048576K
Heap Regions: E=young(eden), S=young(survivor), O=old, HS=humongous(starts), HC=humongous(continues), CS=collection set, F=free, OA=open archive, CA=closed archive, TAMS=top-at-mark-start (previous, next)
|   0|0x0000000741c00000, 0x0000000741d00000, 0x0000000741d00000|100%| O|  |TAMS 0x0000000741c00000, 0x0000000741c00000| Untracked 
|   1|0x0000000741d00000, 0x0000000741e00000, 0x0000000741e00000|100%| O|  |TAMS 0x0000000741d00000, 0x0000000741d00000| Untracked 
|   2|0x0000000741e00000, 0x0000000741f00000, 0x0000000741f00000|100%| O|  |TAMS 0x0000000741e00000, 0x0000000741e00000| Untracked 
|   3|0x0000000741f00000, 0x0000000742000000, 0x0000000742000000|100%| O|  |TAMS 0x0000000741f00000, 0x0000000741f00000| Untracked 
|   4|0x0000000742000000, 0x0000000742100000, 0x0000000742100000|100%| O|  |TAMS 0x0000000742000000, 0x0000000742000000| Untracked 
|   5|0x0000000742100000, 0x0000000742200000, 0x0000000742200000|100%| O|  |TAMS 0x0000000742100000, 0x0000000742100000| Untracked 
|   6|0x0000000742200000, 0x00000007422dd370, 0x0000000742300000| 86%| O|  |TAMS 0x0000000742200000, 0x0000000742200000| Untracked 
|   7|0x0000000742300000, 0x0000000742300000, 0x0000000742400000|  0%| F|  |TAMS 0x0000000742300000, 0x0000000742300000| Untracked 
|   8|0x0000000742400000, 0x0000000742400000, 0x0000000742500000|  0%| F|  |TAMS 0x0000000742400000, 0x0000000742400000| Untracked 
|   9|0x0000000742500000, 0x0000000742500000, 0x0000000742600000|  0%| F|  |TAMS 0x0000000742500000, 0x0000000742500000| Untracked 
|  10|0x0000000742600000, 0x0000000742600000, 0x0000000742700000|  0%| F|  |TAMS 0x0000000742600000, 0x0000000742600000| Untracked 
|  11|0x0000000742700000, 0x0000000742700000, 0x0000000742800000|  0%| F|  |TAMS 0x0000000742700000, 0x0000000742700000| Untracked 
|  12|0x0000000742800000, 0x0000000742800000, 0x0000000742900000|  0%| F|  |TAMS 0x0000000742800000, 0x0000000742800000| Untracked 
|  13|0x0000000742900000, 0x0000000742900000, 0x0000000742a00000|  0%| F|  |TAMS 0x0000000742900000, 0x0000000742900000| Untracked 
|  14|0x0000000742a00000, 0x0000000742a00000, 0x0000000742b00000|  0%| F|  |TAMS 0x0000000742a00000, 0x0000000742a00000| Untracked 
|  15|0x0000000742b00000, 0x0000000742b00000, 0x0000000742c00000|  0%| F|  |TAMS 0x0000000742b00000, 0x0000000742b00000| Untracked 
|  16|0x0000000742c00000, 0x0000000742c00000, 0x0000000742d00000|  0%| F|  |TAMS 0x0000000742c00000, 0x0000000742c00000| Untracked 
|  17|0x0000000742d00000, 0x0000000742d00000, 0x0000000742e00000|  0%| F|  |TAMS 0x0000000742d00000, 0x0000000742d00000| Untracked 
|  18|0x0000000742e00000, 0x0000000742e00000, 0x0000000742f00000|  0%| F|  |TAMS 0x0000000742e00000, 0x0000000742e00000| Untracked 
|  19|0x0000000742f00000, 0x0000000742f00000, 0x0000000743000000|  0%| F|  |TAMS 0x0000000742f00000, 0x0000000742f00000| Untracked 
|  20|0x0000000743000000, 0x0000000743000000, 0x0000000743100000|  0%| F|  |TAMS 0x0000000743000000, 0x0000000743000000| Untracked 
|  21|0x0000000743100000, 0x0000000743100000, 0x0000000743200000|  0%| F|  |TAMS 0x0000000743100000, 0x0000000743100000| Untracked 
|  22|0x0000000743200000, 0x0000000743200000, 0x0000000743300000|  0%| F|  |TAMS 0x0000000743200000, 0x0000000743200000| Untracked 
|  23|0x0000000743300000, 0x0000000743300000, 0x0000000743400000|  0%| F|  |TAMS 0x0000000743300000, 0x0000000743300000| Untracked 
|  24|0x0000000743400000, 0x0000000743400000, 0x0000000743500000|  0%| F|  |TAMS 0x0000000743400000, 0x0000000743400000| Untracked 
|  25|0x0000000743500000, 0x0000000743500000, 0x0000000743600000|  0%| F|  |TAMS 0x0000000743500000, 0x0000000743500000| Untracked 
|  26|0x0000000743600000, 0x0000000743600000, 0x0000000743700000|  0%| F|  |TAMS 0x0000000743600000, 0x0000000743600000| Untracked 
|  27|0x0000000743700000, 0x0000000743700000, 0x0000000743800000|  0%| F|  |TAMS 0x0000000743700000, 0x0000000743700000| Untracked 
|  28|0x0000000743800000, 0x0000000743800000, 0x0000000743900000|  0%| F|  |TAMS 0x0000000743800000, 0x0000000743800000| Untracked 
|  29|0x0000000743900000, 0x0000000743900000, 0x0000000743a00000|  0%| F|  |TAMS 0x0000000743900000, 0x0000000743900000| Untracked 
|  30|0x0000000743a00000, 0x0000000743a00000, 0x0000000743b00000|  0%| F|  |TAMS 0x0000000743a00000, 0x0000000743a00000| Untracked 
|  31|0x0000000743b00000, 0x0000000743b00000, 0x0000000743c00000|  0%| F|  |TAMS 0x0000000743b00000, 0x0000000743b00000| Untracked 
|  32|0x0000000743c00000, 0x0000000743c00000, 0x0000000743d00000|  0%| F|  |TAMS 0x0000000743c00000, 0x0000000743c00000| Untracked 
|  33|0x0000000743d00000, 0x0000000743d00000, 0x0000000743e00000|  0%| F|  |TAMS 0x0000000743d00000, 0x0000000743d00000| Untracked 
|  34|0x0000000743e00000, 0x0000000743e00000, 0x0000000743f00000|  0%| F|  |TAMS 0x0000000743e00000, 0x0000000743e00000| Untracked 
|  35|0x0000000743f00000, 0x0000000743f00000, 0x0000000744000000|  0%| F|  |TAMS 0x0000000743f00000, 0x0000000743f00000| Untracked 
|  36|0x0000000744000000, 0x0000000744000000, 0x0000000744100000|  0%| F|  |TAMS 0x0000000744000000, 0x0000000744000000| Untracked 
|  37|0x0000000744100000, 0x0000000744100000, 0x0000000744200000|  0%| F|  |TAMS 0x0000000744100000, 0x0000000744100000| Untracked 
|  38|0x0000000744200000, 0x0000000744200000, 0x0000000744300000|  0%| F|  |TAMS 0x0000000744200000, 0x0000000744200000| Untracked 
|  39|0x0000000744300000, 0x0000000744300000, 0x0000000744400000|  0%| F|  |TAMS 0x0000000744300000, 0x0000000744300000| Untracked 
|  40|0x0000000744400000, 0x0000000744400000, 0x0000000744500000|  0%| F|  |TAMS 0x0000000744400000, 0x0000000744400000| Untracked 
|  41|0x0000000744500000, 0x0000000744500000, 0x0000000744600000|  0%| F|  |TAMS 0x0000000744500000, 0x0000000744500000| Untracked 
|  42|0x0000000744600000, 0x0000000744600000, 0x0000000744700000|  0%| F|  |TAMS 0x0000000744600000, 0x0000000744600000| Untracked 
|  43|0x0000000744700000, 0x0000000744700000, 0x0000000744800000|  0%| F|  |TAMS 0x0000000744700000, 0x0000000744700000| Untracked 
|  44|0x0000000744800000, 0x0000000744800000, 0x0000000744900000|  0%| F|  |TAMS 0x0000000744800000, 0x0000000744800000| Untracked 
|  45|0x0000000744900000, 0x0000000744900000, 0x0000000744a00000|  0%| F|  |TAMS 0x0000000744900000, 0x0000000744900000| Untracked 
|  46|0x0000000744a00000, 0x0000000744a00000, 0x0000000744b00000|  0%| F|  |TAMS 0x0000000744a00000, 0x0000000744a00000| Untracked 
|  47|0x0000000744b00000, 0x0000000744b00000, 0x0000000744c00000|  0%| F|  |TAMS 0x0000000744b00000, 0x0000000744b00000| Untracked 
|  48|0x0000000744c00000, 0x0000000744c00000, 0x0000000744d00000|  0%| F|  |TAMS 0x0000000744c00000, 0x0000000744c00000| Untracked 
|  49|0x0000000744d00000, 0x0000000744d00000, 0x0000000744e00000|  0%| F|  |TAMS 0x0000000744d00000, 0x0000000744d00000| Untracked 
|  50|0x0000000744e00000, 0x0000000744e00000, 0x0000000744f00000|  0%| F|  |TAMS 0x0000000744e00000, 0x0000000744e00000| Untracked 
|  51|0x0000000744f00000, 0x0000000744f00000, 0x0000000745000000|  0%| F|  |TAMS 0x0000000744f00000, 0x0000000744f00000| Untracked 
|  52|0x0000000745000000, 0x0000000745000000, 0x0000000745100000|  0%| F|  |TAMS 0x0000000745000000, 0x0000000745000000| Untracked 
|  53|0x0000000745100000, 0x0000000745100000, 0x0000000745200000|  0%| F|  |TAMS 0x0000000745100000, 0x0000000745100000| Untracked 
|  54|0x0000000745200000, 0x0000000745200000, 0x0000000745300000|  0%| F|  |TAMS 0x0000000745200000, 0x0000000745200000| Untracked 
|  55|0x0000000745300000, 0x0000000745300000, 0x0000000745400000|  0%| F|  |TAMS 0x0000000745300000, 0x0000000745300000| Untracked 
|  56|0x0000000745400000, 0x0000000745400000, 0x0000000745500000|  0%| F|  |TAMS 0x0000000745400000, 0x0000000745400000| Untracked 
|  57|0x0000000745500000, 0x0000000745500000, 0x0000000745600000|  0%| F|  |TAMS 0x0000000745500000, 0x0000000745500000| Untracked 
|  58|0x0000000745600000, 0x0000000745600000, 0x0000000745700000|  0%| F|  |TAMS 0x0000000745600000, 0x0000000745600000| Untracked 
|  59|0x0000000745700000, 0x0000000745700000, 0x0000000745800000|  0%| F|  |TAMS 0x0000000745700000, 0x0000000745700000| Untracked 
|  60|0x0000000745800000, 0x0000000745800000, 0x0000000745900000|  0%| F|  |TAMS 0x0000000745800000, 0x0000000745800000| Untracked 
|  61|0x0000000745900000, 0x0000000745900000, 0x0000000745a00000|  0%| F|  |TAMS 0x0000000745900000, 0x0000000745900000| Untracked 
|  62|0x0000000745a00000, 0x0000000745a00000, 0x0000000745b00000|  0%| F|  |TAMS 0x0000000745a00000, 0x0000000745a00000| Untracked 
|  63|0x0000000745b00000, 0x0000000745b00000, 0x0000000745c00000|  0%| F|  |TAMS 0x0000000745b00000, 0x0000000745b00000| Untracked 
|  64|0x0000000745c00000, 0x0000000745c00000, 0x0000000745d00000|  0%| F|  |TAMS 0x0000000745c00000, 0x0000000745c00000| Untracked 
|  65|0x0000000745d00000, 0x0000000745d00000, 0x0000000745e00000|  0%| F|  |TAMS 0x0000000745d00000, 0x0000000745d00000| Untracked 
|  66|0x0000000745e00000, 0x0000000745e00000, 0x0000000745f00000|  0%| F|  |TAMS 0x0000000745e00000, 0x0000000745e00000| Untracked 
|  67|0x0000000745f00000, 0x0000000745f00000, 0x0000000746000000|  0%| F|  |TAMS 0x0000000745f00000, 0x0000000745f00000| Untracked 
|  68|0x0000000746000000, 0x0000000746000000, 0x0000000746100000|  0%| F|  |TAMS 0x0000000746000000, 0x0000000746000000| Untracked 
|  69|0x0000000746100000, 0x0000000746100000, 0x0000000746200000|  0%| F|  |TAMS 0x0000000746100000, 0x0000000746100000| Untracked 
|  70|0x0000000746200000, 0x0000000746200000, 0x0000000746300000|  0%| F|  |TAMS 0x0000000746200000, 0x0000000746200000| Untracked 
|  71|0x0000000746300000, 0x0000000746300000, 0x0000000746400000|  0%| F|  |TAMS 0x0000000746300000, 0x0000000746300000| Untracked 
|  72|0x0000000746400000, 0x0000000746400000, 0x0000000746500000|  0%| F|  |TAMS 0x0000000746400000, 0x0000000746400000| Untracked 
|  73|0x0000000746500000, 0x0000000746500000, 0x0000000746600000|  0%| F|  |TAMS 0x0000000746500000, 0x0000000746500000| Untracked 
|  74|0x0000000746600000, 0x0000000746600000, 0x0000000746700000|  0%| F|  |TAMS 0x0000000746600000, 0x0000000746600000| Untracked 
|  75|0x0000000746700000, 0x0000000746700000, 0x0000000746800000|  0%| F|  |TAMS 0x0000000746700000, 0x0000000746700000| Untracked 
|  76|0x0000000746800000, 0x0000000746800000, 0x0000000746900000|  0%| F|  |TAMS 0x0000000746800000, 0x0000000746800000| Untracked 
|  77|0x0000000746900000, 0x0000000746900000, 0x0000000746a00000|  0%| F|  |TAMS 0x0000000746900000, 0x0000000746900000| Untracked 
|  78|0x0000000746a00000, 0x0000000746a00000, 0x0000000746b00000|  0%| F|  |TAMS 0x0000000746a00000, 0x0000000746a00000| Untracked 
|  79|0x0000000746b00000, 0x0000000746b00000, 0x0000000746c00000|  0%| F|  |TAMS 0x0000000746b00000, 0x0000000746b00000| Untracked 
|  80|0x0000000746c00000, 0x0000000746c00000, 0x0000000746d00000|  0%| F|  |TAMS 0x0000000746c00000, 0x0000000746c00000| Untracked 
|  81|0x0000000746d00000, 0x0000000746d00000, 0x0000000746e00000|  0%| F|  |TAMS 0x0000000746d00000, 0x0000000746d00000| Untracked 
|  82|0x0000000746e00000, 0x0000000746e00000, 0x0000000746f00000|  0%| F|  |TAMS 0x0000000746e00000, 0x0000000746e00000| Untracked 
|  83|0x0000000746f00000, 0x0000000746f00000, 0x0000000747000000|  0%| F|  |TAMS 0x0000000746f00000, 0x0000000746f00000| Untracked 
|  84|0x0000000747000000, 0x0000000747000000, 0x0000000747100000|  0%| F|  |TAMS 0x0000000747000000, 0x0000000747000000| Untracked 
|  85|0x0000000747100000, 0x0000000747100000, 0x0000000747200000|  0%| F|  |TAMS 0x0000000747100000, 0x0000000747100000| Untracked 
|  86|0x0000000747200000, 0x0000000747200000, 0x0000000747300000|  0%| F|  |TAMS 0x0000000747200000, 0x0000000747200000| Untracked 
|  87|0x0000000747300000, 0x0000000747300000, 0x0000000747400000|  0%| F|  |TAMS 0x0000000747300000, 0x0000000747300000| Untracked 
|  88|0x0000000747400000, 0x0000000747400000, 0x0000000747500000|  0%| F|  |TAMS 0x0000000747400000, 0x0000000747400000| Untracked 
|  89|0x0000000747500000, 0x0000000747500000, 0x0000000747600000|  0%| F|  |TAMS 0x0000000747500000, 0x0000000747500000| Untracked 
|  90|0x0000000747600000, 0x0000000747600000, 0x0000000747700000|  0%| F|  |TAMS 0x0000000747600000, 0x0000000747600000| Untracked 
|  91|0x0000000747700000, 0x0000000747700000, 0x0000000747800000|  0%| F|  |TAMS 0x0000000747700000, 0x0000000747700000| Untracked 
|  92|0x0000000747800000, 0x0000000747800000, 0x0000000747900000|  0%| F|  |TAMS 0x0000000747800000, 0x0000000747800000| Untracked 
|  93|0x0000000747900000, 0x0000000747900000, 0x0000000747a00000|  0%| F|  |TAMS 0x0000000747900000, 0x0000000747900000| Untracked 
|  94|0x0000000747a00000, 0x0000000747a00000, 0x0000000747b00000|  0%| F|  |TAMS 0x0000000747a00000, 0x0000000747a00000| Untracked 
|  95|0x0000000747b00000, 0x0000000747b00000, 0x0000000747c00000|  0%| F|  |TAMS 0x0000000747b00000, 0x0000000747b00000| Untracked 
|  96|0x0000000747c00000, 0x0000000747c00000, 0x0000000747d00000|  0%| F|  |TAMS 0x0000000747c00000, 0x0000000747c00000| Untracked 
|  97|0x0000000747d00000, 0x0000000747d00000, 0x0000000747e00000|  0%| F|  |TAMS 0x0000000747d00000, 0x0000000747d00000| Untracked 
|  98|0x0000000747e00000, 0x0000000747e00000, 0x0000000747f00000|  0%| F|  |TAMS 0x0000000747e00000, 0x0000000747e00000| Untracked 
|  99|0x0000000747f00000, 0x0000000747f00000, 0x0000000748000000|  0%| F|  |TAMS 0x0000000747f00000, 0x0000000747f00000| Untracked 
| 100|0x0000000748000000, 0x0000000748000000, 0x0000000748100000|  0%| F|  |TAMS 0x0000000748000000, 0x0000000748000000| Untracked 
| 101|0x0000000748100000, 0x0000000748100000, 0x0000000748200000|  0%| F|  |TAMS 0x0000000748100000, 0x0000000748100000| Untracked 
| 102|0x0000000748200000, 0x0000000748200000, 0x0000000748300000|  0%| F|  |TAMS 0x0000000748200000, 0x0000000748200000| Untracked 
| 103|0x0000000748300000, 0x0000000748300000, 0x0000000748400000|  0%| F|  |TAMS 0x0000000748300000, 0x0000000748300000| Untracked 
| 104|0x0000000748400000, 0x0000000748400000, 0x0000000748500000|  0%| F|  |TAMS 0x0000000748400000, 0x0000000748400000| Untracked 
| 105|0x0000000748500000, 0x0000000748500000, 0x0000000748600000|  0%| F|  |TAMS 0x0000000748500000, 0x0000000748500000| Untracked 
| 106|0x0000000748600000, 0x0000000748600000, 0x0000000748700000|  0%| F|  |TAMS 0x0000000748600000, 0x0000000748600000| Untracked 
| 107|0x0000000748700000, 0x0000000748700000, 0x0000000748800000|  0%| F|  |TAMS 0x0000000748700000, 0x0000000748700000| Untracked 
| 108|0x0000000748800000, 0x0000000748800000, 0x0000000748900000|  0%| F|  |TAMS 0x0000000748800000, 0x0000000748800000| Untracked 
| 109|0x0000000748900000, 0x0000000748900000, 0x0000000748a00000|  0%| F|  |TAMS 0x0000000748900000, 0x0000000748900000| Untracked 
| 110|0x0000000748a00000, 0x0000000748a00000, 0x0000000748b00000|  0%| F|  |TAMS 0x0000000748a00000, 0x0000000748a00000| Untracked 
| 111|0x0000000748b00000, 0x0000000748b00000, 0x0000000748c00000|  0%| F|  |TAMS 0x0000000748b00000, 0x0000000748b00000| Untracked 
| 112|0x0000000748c00000, 0x0000000748c00000, 0x0000000748d00000|  0%| F|  |TAMS 0x0000000748c00000, 0x0000000748c00000| Untracked 
| 113|0x0000000748d00000, 0x0000000748d00000, 0x0000000748e00000|  0%| F|  |TAMS 0x0000000748d00000, 0x0000000748d00000| Untracked 
| 114|0x0000000748e00000, 0x0000000748e00000, 0x0000000748f00000|  0%| F|  |TAMS 0x0000000748e00000, 0x0000000748e00000| Untracked 
| 115|0x0000000748f00000, 0x0000000748f00000, 0x0000000749000000|  0%| F|  |TAMS 0x0000000748f00000, 0x0000000748f00000| Untracked 
| 116|0x0000000749000000, 0x0000000749000000, 0x0000000749100000|  0%| F|  |TAMS 0x0000000749000000, 0x0000000749000000| Untracked 
| 117|0x0000000749100000, 0x0000000749100000, 0x0000000749200000|  0%| F|  |TAMS 0x0000000749100000, 0x0000000749100000| Untracked 
| 118|0x0000000749200000, 0x0000000749200000, 0x0000000749300000|  0%| F|  |TAMS 0x0000000749200000, 0x0000000749200000| Untracked 
| 119|0x0000000749300000, 0x0000000749300000, 0x0000000749400000|  0%| F|  |TAMS 0x0000000749300000, 0x0000000749300000| Untracked 
| 120|0x0000000749400000, 0x0000000749400000, 0x0000000749500000|  0%| F|  |TAMS 0x0000000749400000, 0x0000000749400000| Untracked 
| 121|0x0000000749500000, 0x0000000749500000, 0x0000000749600000|  0%| F|  |TAMS 0x0000000749500000, 0x0000000749500000| Untracked 
| 122|0x0000000749600000, 0x0000000749600000, 0x0000000749700000|  0%| F|  |TAMS 0x0000000749600000, 0x0000000749600000| Untracked 
| 123|0x0000000749700000, 0x0000000749700000, 0x0000000749800000|  0%| F|  |TAMS 0x0000000749700000, 0x0000000749700000| Untracked 
| 124|0x0000000749800000, 0x0000000749800000, 0x0000000749900000|  0%| F|  |TAMS 0x0000000749800000, 0x0000000749800000| Untracked 
| 125|0x0000000749900000, 0x0000000749900000, 0x0000000749a00000|  0%| F|  |TAMS 0x0000000749900000, 0x0000000749900000| Untracked 
| 126|0x0000000749a00000, 0x0000000749a00000, 0x0000000749b00000|  0%| F|  |TAMS 0x0000000749a00000, 0x0000000749a00000| Untracked 
| 127|0x0000000749b00000, 0x0000000749b00000, 0x0000000749c00000|  0%| F|  |TAMS 0x0000000749b00000, 0x0000000749b00000| Untracked 
| 128|0x0000000749c00000, 0x0000000749c00000, 0x0000000749d00000|  0%| F|  |TAMS 0x0000000749c00000, 0x0000000749c00000| Untracked 
| 129|0x0000000749d00000, 0x0000000749d00000, 0x0000000749e00000|  0%| F|  |TAMS 0x0000000749d00000, 0x0000000749d00000| Untracked 
| 130|0x0000000749e00000, 0x0000000749e00000, 0x0000000749f00000|  0%| F|  |TAMS 0x0000000749e00000, 0x0000000749e00000| Untracked 
| 131|0x0000000749f00000, 0x0000000749f00000, 0x000000074a000000|  0%| F|  |TAMS 0x0000000749f00000, 0x0000000749f00000| Untracked 
| 132|0x000000074a000000, 0x000000074a000000, 0x000000074a100000|  0%| F|  |TAMS 0x000000074a000000, 0x000000074a000000| Untracked 
| 133|0x000000074a100000, 0x000000074a100000, 0x000000074a200000|  0%| F|  |TAMS 0x000000074a100000, 0x000000074a100000| Untracked 
| 134|0x000000074a200000, 0x000000074a200000, 0x000000074a300000|  0%| F|  |TAMS 0x000000074a200000, 0x000000074a200000| Untracked 
| 135|0x000000074a300000, 0x000000074a300000, 0x000000074a400000|  0%| F|  |TAMS 0x000000074a300000, 0x000000074a300000| Untracked 
| 136|0x000000074a400000, 0x000000074a400000, 0x000000074a500000|  0%| F|  |TAMS 0x000000074a400000, 0x000000074a400000| Untracked 
| 137|0x000000074a500000, 0x000000074a500000, 0x000000074a600000|  0%| F|  |TAMS 0x000000074a500000, 0x000000074a500000| Untracked 
| 138|0x000000074a600000, 0x000000074a600000, 0x000000074a700000|  0%| F|  |TAMS 0x000000074a600000, 0x000000074a600000| Untracked 
| 139|0x000000074a700000, 0x000000074a700000, 0x000000074a800000|  0%| F|  |TAMS 0x000000074a700000, 0x000000074a700000| Untracked 
| 140|0x000000074a800000, 0x000000074a800000, 0x000000074a900000|  0%| F|  |TAMS 0x000000074a800000, 0x000000074a800000| Untracked 
| 141|0x000000074a900000, 0x000000074a900000, 0x000000074aa00000|  0%| F|  |TAMS 0x000000074a900000, 0x000000074a900000| Untracked 
| 142|0x000000074aa00000, 0x000000074aa00000, 0x000000074ab00000|  0%| F|  |TAMS 0x000000074aa00000, 0x000000074aa00000| Untracked 
| 143|0x000000074ab00000, 0x000000074ab00000, 0x000000074ac00000|  0%| F|  |TAMS 0x000000074ab00000, 0x000000074ab00000| Untracked 
| 144|0x000000074ac00000, 0x000000074ac00000, 0x000000074ad00000|  0%| F|  |TAMS 0x000000074ac00000, 0x000000074ac00000| Untracked 
| 145|0x000000074ad00000, 0x000000074ad00000, 0x000000074ae00000|  0%| F|  |TAMS 0x000000074ad00000, 0x000000074ad00000| Untracked 
| 146|0x000000074ae00000, 0x000000074ae00000, 0x000000074af00000|  0%| F|  |TAMS 0x000000074ae00000, 0x000000074ae00000| Untracked 
| 147|0x000000074af00000, 0x000000074af00000, 0x000000074b000000|  0%| F|  |TAMS 0x000000074af00000, 0x000000074af00000| Untracked 
| 148|0x000000074b000000, 0x000000074b000000, 0x000000074b100000|  0%| F|  |TAMS 0x000000074b000000, 0x000000074b000000| Untracked 
| 149|0x000000074b100000, 0x000000074b100000, 0x000000074b200000|  0%| F|  |TAMS 0x000000074b100000, 0x000000074b100000| Untracked 
| 150|0x000000074b200000, 0x000000074b200000, 0x000000074b300000|  0%| F|  |TAMS 0x000000074b200000, 0x000000074b200000| Untracked 
| 151|0x000000074b300000, 0x000000074b300000, 0x000000074b400000|  0%| F|  |TAMS 0x000000074b300000, 0x000000074b300000| Untracked 
| 152|0x000000074b400000, 0x000000074b400000, 0x000000074b500000|  0%| F|  |TAMS 0x000000074b400000, 0x000000074b400000| Untracked 
| 153|0x000000074b500000, 0x000000074b500000, 0x000000074b600000|  0%| F|  |TAMS 0x000000074b500000, 0x000000074b500000| Untracked 
| 154|0x000000074b600000, 0x000000074b600000, 0x000000074b700000|  0%| F|  |TAMS 0x000000074b600000, 0x000000074b600000| Untracked 
| 155|0x000000074b700000, 0x000000074b700000, 0x000000074b800000|  0%| F|  |TAMS 0x000000074b700000, 0x000000074b700000| Untracked 
| 156|0x000000074b800000, 0x000000074b800000, 0x000000074b900000|  0%| F|  |TAMS 0x000000074b800000, 0x000000074b800000| Untracked 
| 157|0x000000074b900000, 0x000000074b900000, 0x000000074ba00000|  0%| F|  |TAMS 0x000000074b900000, 0x000000074b900000| Untracked 
| 158|0x000000074ba00000, 0x000000074ba00000, 0x000000074bb00000|  0%| F|  |TAMS 0x000000074ba00000, 0x000000074ba00000| Untracked 
| 159|0x000000074bb00000, 0x000000074bb00000, 0x000000074bc00000|  0%| F|  |TAMS 0x000000074bb00000, 0x000000074bb00000| Untracked 
| 160|0x000000074bc00000, 0x000000074bc00000, 0x000000074bd00000|  0%| F|  |TAMS 0x000000074bc00000, 0x000000074bc00000| Untracked 
| 161|0x000000074bd00000, 0x000000074bd00000, 0x000000074be00000|  0%| F|  |TAMS 0x000000074bd00000, 0x000000074bd00000| Untracked 
| 162|0x000000074be00000, 0x000000074be00000, 0x000000074bf00000|  0%| F|  |TAMS 0x000000074be00000, 0x000000074be00000| Untracked 
| 163|0x000000074bf00000, 0x000000074bf00000, 0x000000074c000000|  0%| F|  |TAMS 0x000000074bf00000, 0x000000074bf00000| Untracked 
| 164|0x000000074c000000, 0x000000074c000000, 0x000000074c100000|  0%| F|  |TAMS 0x000000074c000000, 0x000000074c000000| Untracked 
| 165|0x000000074c100000, 0x000000074c100000, 0x000000074c200000|  0%| F|  |TAMS 0x000000074c100000, 0x000000074c100000| Untracked 
| 166|0x000000074c200000, 0x000000074c200000, 0x000000074c300000|  0%| F|  |TAMS 0x000000074c200000, 0x000000074c200000| Untracked 
| 167|0x000000074c300000, 0x000000074c300000, 0x000000074c400000|  0%| F|  |TAMS 0x000000074c300000, 0x000000074c300000| Untracked 
| 168|0x000000074c400000, 0x000000074c400000, 0x000000074c500000|  0%| F|  |TAMS 0x000000074c400000, 0x000000074c400000| Untracked 
| 169|0x000000074c500000, 0x000000074c500000, 0x000000074c600000|  0%| F|  |TAMS 0x000000074c500000, 0x000000074c500000| Untracked 
| 170|0x000000074c600000, 0x000000074c600000, 0x000000074c700000|  0%| F|  |TAMS 0x000000074c600000, 0x000000074c600000| Untracked 
| 171|0x000000074c700000, 0x000000074c700000, 0x000000074c800000|  0%| F|  |TAMS 0x000000074c700000, 0x000000074c700000| Untracked 
| 172|0x000000074c800000, 0x000000074c800000, 0x000000074c900000|  0%| F|  |TAMS 0x000000074c800000, 0x000000074c800000| Untracked 
| 173|0x000000074c900000, 0x000000074c900000, 0x000000074ca00000|  0%| F|  |TAMS 0x000000074c900000, 0x000000074c900000| Untracked 
| 174|0x000000074ca00000, 0x000000074ca00000, 0x000000074cb00000|  0%| F|  |TAMS 0x000000074ca00000, 0x000000074ca00000| Untracked 
| 175|0x000000074cb00000, 0x000000074cb00000, 0x000000074cc00000|  0%| F|  |TAMS 0x000000074cb00000, 0x000000074cb00000| Untracked 
| 176|0x000000074cc00000, 0x000000074cc00000, 0x000000074cd00000|  0%| F|  |TAMS 0x000000074cc00000, 0x000000074cc00000| Untracked 
| 177|0x000000074cd00000, 0x000000074ce00000, 0x000000074ce00000|100%| S|  |TAMS 0x000000074cd00000, 0x000000074cd00000| Complete 
| 178|0x000000074ce00000, 0x000000074cf00000, 0x000000074cf00000|100%| S|  |TAMS 0x000000074ce00000, 0x000000074ce00000| Complete 
| 179|0x000000074cf00000, 0x000000074d000000, 0x000000074d000000|100%| E|CS|TAMS 0x000000074cf00000, 0x000000074cf00000| Complete 
| 180|0x000000074d000000, 0x000000074d100000, 0x000000074d100000|100%| E|CS|TAMS 0x000000074d000000, 0x000000074d000000| Complete 
| 181|0x000000074d100000, 0x000000074d200000, 0x000000074d200000|100%| E|CS|TAMS 0x000000074d100000, 0x000000074d100000| Complete 
| 182|0x000000074d200000, 0x000000074d300000, 0x000000074d300000|100%| E|CS|TAMS 0x000000074d200000, 0x000000074d200000| Complete 
| 183|0x000000074d300000, 0x000000074d400000, 0x000000074d400000|100%| E|CS|TAMS 0x000000074d300000, 0x000000074d300000| Complete 
| 184|0x000000074d400000, 0x000000074d500000, 0x000000074d500000|100%| E|CS|TAMS 0x000000074d400000, 0x000000074d400000| Complete 
| 185|0x000000074d500000, 0x000000074d600000, 0x000000074d600000|100%| E|CS|TAMS 0x000000074d500000, 0x000000074d500000| Complete 
| 186|0x000000074d600000, 0x000000074d700000, 0x000000074d700000|100%| E|CS|TAMS 0x000000074d600000, 0x000000074d600000| Complete 
| 187|0x000000074d700000, 0x000000074d800000, 0x000000074d800000|100%| E|CS|TAMS 0x000000074d700000, 0x000000074d700000| Complete 
| 188|0x000000074d800000, 0x000000074d900000, 0x000000074d900000|100%| E|CS|TAMS 0x000000074d800000, 0x000000074d800000| Complete 
| 189|0x000000074d900000, 0x000000074da00000, 0x000000074da00000|100%| E|CS|TAMS 0x000000074d900000, 0x000000074d900000| Complete 
| 190|0x000000074da00000, 0x000000074db00000, 0x000000074db00000|100%| E|CS|TAMS 0x000000074da00000, 0x000000074da00000| Complete 
| 191|0x000000074db00000, 0x000000074dc00000, 0x000000074dc00000|100%| E|CS|TAMS 0x000000074db00000, 0x000000074db00000| Complete 

Card table byte_map: [0x000002efa0bf0000,0x000002efa11f0000] _byte_map_base: 0x000002ef9d1e2000

Marking Bits (Prev, Next): (CMBitMap*) 0x000002ef8706b308, (CMBitMap*) 0x000002ef8706b348
 Prev Bits: [0x000002efa17f0000, 0x000002efa4780000)
 Next Bits: [0x000002efa4780000, 0x000002efa7710000)

Polling page: 0x000002ef86ea0000

Metaspace:

Usage:
  Non-class:      4.01 MB capacity,   396.03 KB ( 10%) used,     3.62 MB ( 90%) free+waste,   192 bytes ( <1%) overhead. 
      Class:    386.00 KB capacity,    19.25 KB (  5%) used,   366.63 KB ( 95%) free+waste,   128 bytes ( <1%) overhead. 
       Both:      4.38 MB capacity,   415.28 KB (  9%) used,     3.98 MB ( 91%) free+waste,   320 bytes ( <1%) overhead. 

Virtual space:
  Non-class space:        8.00 MB reserved,       4.25 MB ( 53%) committed 
      Class space:        1.00 GB reserved,     512.00 KB ( <1%) committed 
             Both:        1.01 GB reserved,       4.75 MB ( <1%) committed 

Chunk freelists:
   Non-Class:  0 bytes
       Class:  0 bytes
        Both:  0 bytes

MaxMetaspaceSize: 17179869184.00 GB
CompressedClassSpaceSize: 1.00 GB

CodeHeap 'non-profiled nmethods': size=120000Kb used=27Kb max_used=27Kb free=119972Kb
 bounds [0x000002ef98aa0000, 0x000002ef98d10000, 0x000002ef9ffd0000]
CodeHeap 'profiled nmethods': size=120000Kb used=331Kb max_used=331Kb free=119668Kb
 bounds [0x000002ef91570000, 0x000002ef917e0000, 0x000002ef98aa0000]
CodeHeap 'non-nmethods': size=5760Kb used=1049Kb max_used=1063Kb free=4710Kb
 bounds [0x000002ef90fd0000, 0x000002ef91240000, 0x000002ef91570000]
 total_blobs=425 nmethods=158 adapters=180
 compilation: enabled
              stopped_count=0, restarted_count=0
 full_count=0

Compilation events (20 events):
Event: 0.489 Thread 0x000002efaa748800  134       3       java.lang.String::split (7 bytes)
Event: 0.489 Thread 0x000002efaa748800 nmethod 134 0x000002ef915a7310 code [0x000002ef915a74c0, 0x000002ef915a7608]
Event: 0.489 Thread 0x000002efaa748800  135       3       java.util.ArrayList$SubList::checkForComodification (23 bytes)
Event: 0.489 Thread 0x000002efaa6de000  136       4       java.lang.String::substring (58 bytes)
Event: 0.489 Thread 0x000002efaa748800 nmethod 135 0x000002ef915a7690 code [0x000002ef915a7840, 0x000002ef915a7a28]
Event: 0.489 Thread 0x000002efaa748800  133       3       java.util.ArrayList$SubList::toArray (79 bytes)
Event: 0.490 Thread 0x000002efaa748800 nmethod 133 0x000002ef915a7b10 code [0x000002ef915a7d00, 0x000002ef915a8408]
Event: 0.490 Thread 0x000002efaa748800  137       3       sun.nio.cs.UTF_8$Decoder::isNotContinuation (17 bytes)
Event: 0.490 Thread 0x000002efaa748800 nmethod 137 0x000002ef915a8610 code [0x000002ef915a87a0, 0x000002ef915a88d8]
Event: 0.492 Thread 0x000002efaa748800  139 %     3       sun.nio.cs.UTF_8$Decoder::decodeArrayLoop @ 106 (691 bytes)
Event: 0.499 Thread 0x000002efaa748800 nmethod 139% 0x000002ef915a8990 code [0x000002ef915a92e0, 0x000002ef915af348]
Event: 0.500 Thread 0x000002efaa748800  142       3       java.lang.StringUTF16::newBytesFor (61 bytes)
Event: 0.500 Thread 0x000002efaaa06800  140 % !   4       java.io.BufferedReader::readLine @ 131 (304 bytes)
Event: 0.500 Thread 0x000002efaa748800 nmethod 142 0x000002ef915b1090 code [0x000002ef915b1320, 0x000002ef915b1e68]
Event: 0.501 Thread 0x000002efaa748800  145       3       sun.nio.cs.UTF_8$Decoder::decodeArrayLoop (691 bytes)
Event: 0.506 Thread 0x000002efaa748800 nmethod 145 0x000002ef915b2290 code [0x000002ef915b2c40, 0x000002ef915b92c8]
Event: 0.506 Thread 0x000002efaa748800  143       3       java.nio.Buffer::position (55 bytes)
Event: 0.507 Thread 0x000002efaa748800 nmethod 143 0x000002ef915baf90 code [0x000002ef915bb140, 0x000002ef915bb3c8]
Event: 0.507 Thread 0x000002efaa748800  146       3       java.nio.ByteBuffer::position (8 bytes)
Event: 0.507 Thread 0x000002efaa748800 nmethod 146 0x000002ef915bb490 code [0x000002ef915bb640, 0x000002ef915bb7a8]

GC Heap History (0 events):
No events

Deoptimization events (18 events):
Event: 0.453 Thread 0x000002ef87014800 Uncommon trap: trap_request=0xffffff45 fr.pc=0x000002ef98aa48ac relative=0x000000000000024c
Event: 0.454 Thread 0x000002ef87014800 Uncommon trap: reason=unstable_if action=reinterpret pc=0x000002ef98aa48ac method=java.lang.String.hashCode()I @ 13 c2
Event: 0.454 Thread 0x000002ef87014800 DEOPT PACKING pc=0x000002ef98aa48ac sp=0x000000f8a65ff100
Event: 0.454 Thread 0x000002ef87014800 DEOPT UNPACKING pc=0x000002ef9101912f sp=0x000000f8a65ff098 mode 2
Event: 0.500 Thread 0x000002ef87014800 DEOPT PACKING pc=0x000002ef915ae7b2 sp=0x000000f8a65fee10
Event: 0.500 Thread 0x000002ef87014800 DEOPT UNPACKING pc=0x000002ef9101964e sp=0x000000f8a65fe3d0 mode 0
Event: 0.501 Thread 0x000002ef87014800 DEOPT PACKING pc=0x000002ef915ae7b2 sp=0x000000f8a65fee10
Event: 0.501 Thread 0x000002ef87014800 DEOPT UNPACKING pc=0x000002ef9101964e sp=0x000000f8a65fe3d0 mode 0
Event: 0.502 Thread 0x000002ef87014800 DEOPT PACKING pc=0x000002ef915ae7b2 sp=0x000000f8a65fee10
Event: 0.502 Thread 0x000002ef87014800 DEOPT UNPACKING pc=0x000002ef9101964e sp=0x000000f8a65fe3d0 mode 0
Event: 0.504 Thread 0x000002ef87014800 DEOPT PACKING pc=0x000002ef915ae7b2 sp=0x000000f8a65fee10
Event: 0.504 Thread 0x000002ef87014800 DEOPT UNPACKING pc=0x000002ef9101964e sp=0x000000f8a65fe3d0 mode 0
Event: 0.505 Thread 0x000002ef87014800 DEOPT PACKING pc=0x000002ef915ae7b2 sp=0x000000f8a65fee10
Event: 0.505 Thread 0x000002ef87014800 DEOPT UNPACKING pc=0x000002ef9101964e sp=0x000000f8a65fe3d0 mode 0
Event: 0.506 Thread 0x000002ef87014800 DEOPT PACKING pc=0x000002ef915ae7b2 sp=0x000000f8a65fee10
Event: 0.506 Thread 0x000002ef87014800 DEOPT UNPACKING pc=0x000002ef9101964e sp=0x000000f8a65fe3d0 mode 0
Event: 0.506 Thread 0x000002ef87014800 DEOPT PACKING pc=0x000002ef915b844f sp=0x000000f8a65fee20
Event: 0.506 Thread 0x000002ef87014800 DEOPT UNPACKING pc=0x000002ef9101964e sp=0x000000f8a65fe3c0 mode 0

Classes unloaded (0 events):
No events

Classes redefined (0 events):
No events

Internal exceptions (0 events):
No events

Events (20 events):
Event: 0.453 loading class java/io/BufferedReader
Event: 0.453 loading class java/io/BufferedReader done
Event: 0.456 Loaded shared library C:\Program Files\Java\jdk-14.0.2\bin\jimage.dll
Event: 0.464 loading class sun/net/www/protocol/file/FileURLConnection
Event: 0.465 loading class sun/net/www/URLConnection
Event: 0.465 loading class java/net/URLConnection
Event: 0.465 loading class java/net/URLConnection done
Event: 0.465 loading class sun/net/www/URLConnection done
Event: 0.465 loading class sun/net/www/protocol/file/FileURLConnection done
Event: 0.466 loading class sun/net/www/MessageHeader
Event: 0.466 loading class sun/net/www/MessageHeader done
Event: 0.466 loading class sun/net/ProgressMonitor
Event: 0.466 loading class sun/net/ProgressMonitor done
Event: 0.466 loading class sun/net/DefaultProgressMeteringPolicy
Event: 0.466 loading class sun/net/ProgressMeteringPolicy
Event: 0.466 loading class sun/net/ProgressMeteringPolicy done
Event: 0.466 loading class sun/net/DefaultProgressMeteringPolicy done
Event: 0.466 loading class sun/nio/cs/StreamDecoder
Event: 0.467 loading class sun/nio/cs/StreamDecoder done
Event: 0.500 Thread 0x000002efaaa06800 Thread added: 0x000002efaaa06800


Dynamic libraries:
0x00007ff620eb0000 - 0x00007ff620ebf000 	C:\Program Files\Java\jdk-14.0.2\bin\javaw.exe
0x00007ffe886f0000 - 0x00007ffe888e5000 	C:\WINDOWS\SYSTEM32\ntdll.dll
0x00007ffe86bc0000 - 0x00007ffe86c7d000 	C:\WINDOWS\System32\KERNEL32.DLL
0x00007ffe860c0000 - 0x00007ffe86387000 	C:\WINDOWS\System32\KERNELBASE.dll
0x00007ffe86440000 - 0x00007ffe86540000 	C:\WINDOWS\System32\ucrtbase.dll
0x00007ffe5c750000 - 0x00007ffe5c768000 	C:\Program Files\Java\jdk-14.0.2\bin\jli.dll
0x00007ffe5c730000 - 0x00007ffe5c745000 	C:\Program Files\Java\jdk-14.0.2\bin\VCRUNTIME140.dll
0x00007ffe87f60000 - 0x00007ffe8800a000 	C:\WINDOWS\System32\ADVAPI32.dll
0x00007ffe87410000 - 0x00007ffe874ae000 	C:\WINDOWS\System32\msvcrt.dll
0x00007ffe88610000 - 0x00007ffe886ab000 	C:\WINDOWS\System32\sechost.dll
0x00007ffe868f0000 - 0x00007ffe86a14000 	C:\WINDOWS\System32\RPCRT4.dll
0x00007ffe86a20000 - 0x00007ffe86bc0000 	C:\WINDOWS\System32\USER32.dll
0x00007ffe86410000 - 0x00007ffe86432000 	C:\WINDOWS\System32\win32u.dll
0x00007ffe7b080000 - 0x00007ffe7b31b000 	C:\WINDOWS\WinSxS\amd64_microsoft.windows.common-controls_6595b64144ccf1df_6.0.19041.488_none_ca04af081b815d21\COMCTL32.dll
0x00007ffe86c90000 - 0x00007ffe86cba000 	C:\WINDOWS\System32\GDI32.dll
0x00007ffe86540000 - 0x00007ffe86649000 	C:\WINDOWS\System32\gdi32full.dll
0x00007ffe866b0000 - 0x00007ffe8674d000 	C:\WINDOWS\System32\msvcp_win.dll
0x00007ffe7fb80000 - 0x00007ffe7fb8a000 	C:\WINDOWS\SYSTEM32\VERSION.dll
0x00007ffe885e0000 - 0x00007ffe88610000 	C:\WINDOWS\System32\IMM32.DLL
0x00007ffe59e20000 - 0x00007ffe59ebb000 	C:\Program Files\Java\jdk-14.0.2\bin\msvcp140.dll
0x00007ffe51d20000 - 0x00007ffe5283e000 	C:\Program Files\Java\jdk-14.0.2\bin\server\jvm.dll
0x00007ffe885d0000 - 0x00007ffe885d8000 	C:\WINDOWS\System32\PSAPI.DLL
0x00007ffe7a5a0000 - 0x00007ffe7a5c7000 	C:\WINDOWS\SYSTEM32\WINMM.dll
0x00007ffe5ed70000 - 0x00007ffe5ed79000 	C:\WINDOWS\SYSTEM32\WSOCK32.dll
0x00007ffe88560000 - 0x00007ffe885cb000 	C:\WINDOWS\System32\WS2_32.dll
0x00007ffe83d90000 - 0x00007ffe83da3000 	C:\WINDOWS\SYSTEM32\kernel.appcore.dll
0x00007ffe5e9a0000 - 0x00007ffe5e9aa000 	C:\Program Files\Java\jdk-14.0.2\bin\jimage.dll
0x00007ffe6b330000 - 0x00007ffe6b514000 	C:\WINDOWS\SYSTEM32\DBGHELP.DLL
0x00007ffe6f2d0000 - 0x00007ffe6f2fc000 	C:\WINDOWS\SYSTEM32\dbgcore.DLL
0x00007ffe85e30000 - 0x00007ffe85eaf000 	C:\WINDOWS\System32\bcryptPrimitives.dll
0x00007ffe52c30000 - 0x00007ffe52c55000 	C:\Program Files\Java\jdk-14.0.2\bin\java.dll
0x00007ffe52c10000 - 0x00007ffe52c26000 	C:\Program Files\Java\jdk-14.0.2\bin\zip.dll
0x00007ffe86cc0000 - 0x00007ffe87401000 	C:\WINDOWS\System32\SHELL32.dll
0x00007ffe83f90000 - 0x00007ffe84723000 	C:\WINDOWS\SYSTEM32\windows.storage.dll
0x00007ffe88150000 - 0x00007ffe884a5000 	C:\WINDOWS\System32\combase.dll
0x00007ffe858a0000 - 0x00007ffe858cc000 	C:\WINDOWS\SYSTEM32\Wldp.dll
0x00007ffe884b0000 - 0x00007ffe8855e000 	C:\WINDOWS\System32\SHCORE.dll
0x00007ffe87f00000 - 0x00007ffe87f55000 	C:\WINDOWS\System32\shlwapi.dll
0x00007ffe85d60000 - 0x00007ffe85d86000 	C:\WINDOWS\SYSTEM32\profapi.dll

dbghelp: loaded successfully - version: 4.0.5 - missing functions: none
symbol engine: initialized successfully - sym options: 0x614 - pdb path: .;C:\Program Files\Java\jdk-14.0.2\bin;C:\WINDOWS\SYSTEM32;C:\WINDOWS\WinSxS\amd64_microsoft.windows.common-controls_6595b64144ccf1df_6.0.19041.488_none_ca04af081b815d21;C:\Program Files\Java\jdk-14.0.2\bin\server

VM Arguments:
jvm_args: -Dfile.encoding=Cp1252 
java_command: view.Main
java_class_path (initial): E:\Java\Java Projects\Finder\bin
Launcher Type: SUN_STANDARD

[Global flags]
     intx CICompilerCount                          = 3                                         {product} {ergonomic}
     uint ConcGCThreads                            = 1                                         {product} {ergonomic}
     uint G1ConcRefinementThreads                  = 4                                         {product} {ergonomic}
   size_t G1HeapRegionSize                         = 1048576                                   {product} {ergonomic}
    uintx GCDrainStackTargetSize                   = 64                                        {product} {ergonomic}
   size_t InitialHeapSize                          = 201326592                                 {product} {ergonomic}
   size_t MarkStackSize                            = 4194304                                   {product} {ergonomic}
   size_t MaxHeapSize                              = 3191865344                                {product} {ergonomic}
   size_t MaxNewSize                               = 1914699776                                {product} {ergonomic}
   size_t MinHeapDeltaBytes                        = 1048576                                   {product} {ergonomic}
   size_t MinHeapSize                              = 8388608                                   {product} {ergonomic}
    uintx NonNMethodCodeHeapSize                   = 5832780                                {pd product} {ergonomic}
    uintx NonProfiledCodeHeapSize                  = 122912730                              {pd product} {ergonomic}
    uintx ProfiledCodeHeapSize                     = 122912730                              {pd product} {ergonomic}
    uintx ReservedCodeCacheSize                    = 251658240                              {pd product} {ergonomic}
     bool SegmentedCodeCache                       = true                                      {product} {ergonomic}
   size_t SoftMaxHeapSize                          = 3191865344                             {manageable} {ergonomic}
     bool UseCompressedClassPointers               = true                                 {lp64_product} {ergonomic}
     bool UseCompressedOops                        = true                                 {lp64_product} {ergonomic}
     bool UseG1GC                                  = true                                      {product} {ergonomic}
     bool UseLargePagesIndividualAllocation        = false                                  {pd product} {ergonomic}

Logging:
Log output configuration:
 #0: stdout all=warning uptime,level,tags
 #1: stderr all=off uptime,level,tags

Environment Variables:
PATH=C:/Program Files/Java/jdk-14.0.2/bin/server;C:/Program Files/Java/jdk-14.0.2/bin;C:\WINDOWS\system32;C:\WINDOWS;C:\WINDOWS\System32\Wbem;C:\WINDOWS\System32\WindowsPowerShell\v1.0\;C:\WINDOWS\System32\OpenSSH\;C:\Program Files\Microsoft VS Code\bin;C:\Program Files\dotnet\;C:\Program Files (x86)\NVIDIA Corporation\PhysX\Common;C:\Program Files\Java\jdk-14.0.2\bin;C:\Program Files\Microsoft SQL Server\Client SDK\ODBC\130\Tools\Binn\;C:\Program Files (x86)\Microsoft SQL Server\140\Tools\Binn\;C:\Program Files\Microsoft SQL Server\140\Tools\Binn\;C:\Program Files\Microsoft SQL Server\140\DTS\Binn\;C:\Program Files (x86)\Microsoft SQL Server\150\DTS\Binn\;%SystemRoot%\system32;%SystemRoot%;%SystemRoot%\System32\Wbem;%SYSTEMROOT%\System32\WindowsPowerShell\v1.0\;%SYSTEMROOT%\System32\OpenSSH\;C:\Users\elian\AppData\Local\Microsoft\WindowsApps;C:\Users\elian\.dotnet\tools;;C:\Users\elian\Desktop\eclipse;
USERNAME=elian
OS=Windows_NT
PROCESSOR_IDENTIFIER=Intel64 Family 6 Model 142 Stepping 9, GenuineIntel



---------------  S Y S T E M  ---------------

OS: Windows 10 , 64 bit Build 19041 (10.0.19041.292)
OS uptime: 0 days 7:35 hours

CPU:total 4 (initial active 4) (2 cores per cpu, 2 threads per core) family 6 model 142 stepping 9, cmov, cx8, fxsr, mmx, sse, sse2, sse3, ssse3, sse4.1, sse4.2, popcnt, avx, avx2, aes, clmul, erms, 3dnowpref, lzcnt, ht, tsc, tscinvbit, bmi1, bmi2, adx, fma

Memory: 4k page, system-wide physical 12173M (489M free)
TotalPageFile size 48850M (AvailPageFile size 0M)
current process WorkingSet (physical memory assigned to process): 53M, peak: 53M
current process commit charge ("private bytes"): 275M, peak: 275M

vm_info: Java HotSpot(TM) 64-Bit Server VM (14.0.2+12-46) for windows-amd64 JRE (14.0.2+12-46), built on Jul  9 2020 00:35:52 by "mach5one" with MS VC++ 15.9 (VS2017)

END.
